2025-04-23 21:41:38.019 [info] Configuration changed
2025-04-23 21:41:53.144 [info] Configuration changed
2025-04-23 21:41:53.194 [info] Configuration changed
2025-04-23 21:45:00.502 [info] Active editor: file:///home/skrzydelka/Documents/chaker-website/src/app/page.tsx
2025-04-23 21:45:27.268 [info] Executing :w
2025-04-23 21:45:30.160 [info] Executing :w
2025-04-23 21:46:21.025 [info] /home/skrzydelka/Documents/chaker-website/package.json closed
2025-04-23 21:46:21.210 [info] /home/skrzydelka/Documents/chaker-website/.next/package.json closed
2025-04-23 21:47:14.276 [info] /home/skrzydelka/Documents/chaker-website/src/app/page.tsx.git closed
2025-04-23 21:48:31.832 [info] /home/skrzydelka/.config/Code/User/keybindings.json closed
2025-04-23 21:48:33.584 [info] Active editor: file:///home/skrzydelka/Documents/chaker-website/src/app/page.tsx
2025-04-23 21:50:16.232 [info] Executing :w
2025-04-23 21:50:38.125 [info] Executing :q
2025-04-23 21:50:40.041 [info] Executing :w
2025-04-23 21:50:54.298 [info] /home/skrzydelka/Documents/chaker-website/src/app/page.tsx.git closed
2025-04-23 21:51:59.544 [info] /home/skrzydelka/.config/Code/User/keybindings.json closed
2025-04-23 21:52:02.290 [info] Active editor: file:///home/skrzydelka/Documents/chaker-website/src/app/page.tsx
2025-04-23 21:52:03.422 [info] /home/skrzydelka/Documents/chaker-website/src/app/page.tsx closed
2025-04-23 21:52:03.422 [info] /home/skrzydelka/Documents/chaker-website/src/app/page.tsx.git closed
2025-04-23 21:52:05.478 [info] Active editor: file:///home/skrzydelka/Documents/chaker-website/src/app/page.tsx
2025-04-23 21:53:43.906 [info] /home/skrzydelka/Documents/chaker-website/src/app/page.tsx.git closed
2025-04-23 21:54:00.852 [info] /home/skrzydelka/.config/Code/User/keybindings.json closed
2025-04-23 21:54:03.736 [info] Active editor: file:///home/skrzydelka/Documents/chaker-website/src/app/page.tsx
2025-04-23 21:54:56.420 [info] Active editor: file:///home/skrzydelka/Documents/chaker-website/src/app/layout.tsx
2025-04-23 21:54:56.525 [info] /home/skrzydelka/Documents/chaker-website/src/app/page.tsx.git closed
2025-04-23 21:58:14.573 [info] Active editor: untitled:Untitled-1
2025-04-23 21:58:14.581 [info] /home/skrzydelka/Documents/chaker-website/src/app/layout.tsx.git closed
2025-04-23 21:58:18.455 [info] Untitled-1 closed
2025-04-23 21:58:21.674 [info] Untitled-1 closed
2025-04-23 21:58:25.955 [info] Executing :w
2025-04-23 21:58:37.670 [info] Untitled-1 closed
2025-04-23 21:58:37.686 [info] Active editor: file:///home/skrzydelka/Documents/chaker-website/src/app/layout.tsx
2025-04-23 21:59:44.795 [info] Active editor: file:///home/skrzydelka/Documents/chaker-website/src/lib/fonts.ts
2025-04-23 21:59:44.819 [info] /home/skrzydelka/Documents/chaker-website/src/app/layout.tsx.git closed
2025-04-23 21:59:52.848 [info] Executing :w
2025-04-23 22:00:02.275 [info] Active editor: file:///home/skrzydelka/Documents/chaker-website/src/app/layout.tsx
2025-04-23 22:00:10.451 [info] Active editor: file:///home/skrzydelka/Documents/chaker-website/src/components/navbar.tsx
2025-04-23 22:00:10.473 [info] /home/skrzydelka/Documents/chaker-website/src/app/layout.tsx.git closed
2025-04-23 22:01:24.640 [info] Executing :w
2025-04-23 22:01:46.101 [info] Executing :W
2025-04-23 22:01:47.058 [info] Executing :w
2025-04-23 22:02:50.902 [info] Active editor: file:///home/skrzydelka/Documents/chaker-website/src/app/layout.tsx
2025-04-23 22:02:56.076 [info] Active editor: file:///home/skrzydelka/Documents/chaker-website/src/lib/fonts.ts
2025-04-23 22:02:56.086 [info] /home/skrzydelka/Documents/chaker-website/src/app/layout.tsx.git closed
2025-04-23 22:09:17.597 [info] Executing :w
2025-04-23 22:09:46.471 [info] Active editor: file:///home/skrzydelka/Documents/chaker-website/src/app/layout.tsx
2025-04-23 22:09:48.497 [info] Active editor: file:///home/skrzydelka/Documents/chaker-website/src/lib/fonts.ts
2025-04-23 22:09:48.505 [info] /home/skrzydelka/Documents/chaker-website/src/app/layout.tsx.git closed
2025-04-23 22:09:49.832 [info] /home/skrzydelka/Documents/chaker-website/src/lib/fonts.ts closed
2025-04-23 22:09:49.834 [info] Active editor: file:///home/skrzydelka/Documents/chaker-website/src/app/layout.tsx
2025-04-23 22:09:50.892 [info] Active editor: file:///home/skrzydelka/Documents/chaker-website/src/components/navbar.tsx
2025-04-23 22:09:50.899 [info] /home/skrzydelka/Documents/chaker-website/src/app/layout.tsx.git closed
2025-04-23 22:09:54.672 [info] Active editor: file:///home/skrzydelka/Documents/chaker-website/src/app/layout.tsx
2025-04-23 22:09:55.399 [info] Active editor: file:///home/skrzydelka/Documents/chaker-website/src/components/navbar.tsx
2025-04-23 22:09:55.406 [info] /home/skrzydelka/Documents/chaker-website/src/app/layout.tsx.git closed
2025-04-23 22:10:02.179 [info] Executing :w
2025-04-23 22:11:21.878 [info] Active editor: file:///home/skrzydelka/Documents/chaker-website/src/app/layout.tsx
2025-04-23 22:11:21.885 [warning] invalid cursor position. [[15, 15] | [15, 15]].
2025-04-23 22:11:26.733 [info] Active editor: file:///home/skrzydelka/Documents/chaker-website/src/lib/fonts.ts
2025-04-23 22:11:26.741 [info] /home/skrzydelka/Documents/chaker-website/src/app/layout.tsx.git closed
2025-04-23 22:11:42.658 [info] Executing :w
2025-04-23 22:11:45.075 [info] Active editor: file:///home/skrzydelka/Documents/chaker-website/src/app/layout.tsx
2025-04-23 22:11:49.158 [info] Active editor: file:///home/skrzydelka/Documents/chaker-website/src/app/page.tsx
2025-04-23 22:11:49.165 [info] /home/skrzydelka/Documents/chaker-website/src/app/layout.tsx.git closed
2025-04-23 22:11:51.396 [info] Active editor: file:///home/skrzydelka/Documents/chaker-website/src/lib/fonts.ts
2025-04-23 22:11:51.402 [info] /home/skrzydelka/Documents/chaker-website/src/app/page.tsx.git closed
2025-04-23 22:11:53.701 [info] Active editor: file:///home/skrzydelka/Documents/chaker-website/src/app/layout.tsx
2025-04-23 22:12:01.674 [info] Active editor: file:///home/skrzydelka/Documents/chaker-website/src/components/navbar.tsx
2025-04-23 22:12:01.680 [info] /home/skrzydelka/Documents/chaker-website/src/app/layout.tsx.git closed
2025-04-23 22:12:10.572 [info] Executing :w
2025-04-23 22:12:20.030 [info] Executing :w
2025-04-23 22:13:03.939 [info] Active editor: file:///home/skrzydelka/Documents/chaker-website/src/lib/fonts.ts
2025-04-23 22:13:16.811 [info] Executing :w
2025-04-23 22:13:54.815 [info] Executing :w
2025-04-23 22:14:05.356 [info] Executing :w
2025-04-23 22:14:29.591 [info] Executing :w
2025-04-23 22:16:16.427 [info] Active editor: file:///home/skrzydelka/Documents/chaker-website/src/components/navbar.tsx
2025-04-23 22:16:34.748 [info] Executing :w
2025-04-23 22:16:38.396 [info] Executing :w
2025-04-23 22:18:57.488 [info] Configuration changed
2025-04-23 22:18:59.960 [info] Active editor: file:///home/skrzydelka/Documents/chaker-website/src/components/navbar.tsx
2025-04-23 22:19:23.597 [info] Active editor: untitled:Untitled-1
2025-04-23 22:19:24.117 [info] Configuration changed
2025-04-23 22:19:25.238 [info] Untitled-1 closed
2025-04-23 22:19:27.211 [info] Active editor: file:///home/skrzydelka/Documents/chaker-website/src/components/navbar.tsx
2025-04-23 22:19:30.166 [info] Executing :w
2025-04-23 22:20:05.435 [info] Executing :w
2025-04-23 22:20:11.411 [info] /home/skrzydelka/Documents/chaker-website/node_modules/next/link.d.ts closed
2025-04-23 22:21:01.253 [info] Executing :w
2025-04-23 22:21:59.207 [info] Executing :w
2025-04-23 22:22:04.282 [info] Executing :w
2025-04-23 22:23:03.284 [info] Executing :w
2025-04-23 22:24:53.934 [info] Executing :w
2025-04-23 22:25:00.817 [info] Executing :w
2025-04-23 22:25:22.581 [info] Executing :w
2025-04-23 22:25:39.685 [info] Executing :w
2025-04-23 22:26:04.790 [info] Executing :w\
2025-04-23 22:26:06.181 [info] Executing :w
2025-04-23 22:27:21.172 [info] Executing :w
2025-04-23 22:27:47.358 [info] Executing :w
2025-04-23 22:28:00.797 [info] Executing :w
2025-04-23 22:29:08.695 [info] Executing :w
2025-04-23 22:29:17.730 [info] Active editor: file:///home/skrzydelka/Documents/chaker-website/src/components/navbar.tsx
2025-04-23 22:29:59.952 [info] /home/skrzydelka/.config/Code/User/settings.json closed
2025-04-23 22:29:59.964 [info] Configuration changed
2025-04-23 22:30:19.875 [info] /home/skrzydelka/.config/Code/User/settings.json closed
2025-04-23 22:30:19.884 [info] Configuration changed
2025-04-23 22:30:37.518 [info] Active editor: file:///home/skrzydelka/Documents/chaker-website/src/components/navbar.tsx
2025-04-23 22:31:13.671 [info] Executing :w
2025-04-23 22:31:22.673 [info] Executing :w
2025-04-23 22:33:41.692 [info] Executing :w
2025-04-23 22:34:24.762 [info] Executing :w
2025-04-23 22:35:09.331 [info] Executing :w
2025-04-23 22:35:44.157 [info] Executing :w
2025-04-23 22:39:01.679 [info] Active editor: file:///home/skrzydelka/Documents/chaker-website/src/app/layout.tsx
2025-04-23 22:39:04.010 [info] Active editor: file:///home/skrzydelka/Documents/chaker-website/src/components/navbar.tsx
2025-04-23 22:39:04.018 [info] /home/skrzydelka/Documents/chaker-website/src/app/layout.tsx.git closed
2025-04-23 22:39:38.625 [info] Executing :w
2025-04-23 22:39:39.812 [info] Executing :w
