2025-04-23 21:40:46.137 [info] [main] Log level: Info
2025-04-23 21:40:46.137 [info] [main] Validating found git in: "git"
2025-04-23 21:40:46.137 [info] [main] Using git "2.49.0" from "git"
2025-04-23 21:40:46.137 [info] [Model][doInitialScan] Initial repository scan started
2025-04-23 21:40:46.137 [info] [Model][doInitialScan] Initial repository scan completed - repositories (0), closed repositories (0), parent repositories (0), unsafe repositories (0)
2025-04-23 21:41:53.338 [info] [main] Log level: Info
2025-04-23 21:41:53.338 [info] [main] Validating found git in: "git"
2025-04-23 21:41:53.338 [info] [main] Using git "2.49.0" from "git"
2025-04-23 21:41:53.338 [info] [Model][doInitialScan] Initial repository scan started
2025-04-23 21:41:53.338 [info] > git rev-parse --show-toplevel [5ms]
2025-04-23 21:41:53.342 [info] > git rev-parse --git-dir --git-common-dir [0ms]
2025-04-23 21:41:53.350 [info] [Model][openRepository] Opened repository: /home/skrzydelka/Documents/chaker-website
2025-04-23 21:41:53.363 [info] > git rev-parse --show-toplevel [3ms]
2025-04-23 21:41:53.364 [info] > git config --get commit.template [7ms]
2025-04-23 21:41:53.410 [info] [Git][getRemotes] No remotes found in the git config file
2025-04-23 21:41:53.412 [info] > git rev-parse --show-toplevel [25ms]
2025-04-23 21:41:53.417 [info] > git for-each-ref --format=%(refname)%00%(upstream:short)%00%(objectname)%00%(upstream:track)%00%(upstream:remotename)%00%(upstream:remoteref) refs/heads/main refs/remotes/main [8ms]
2025-04-23 21:41:53.428 [info] > git status -z -uall [6ms]
2025-04-23 21:41:53.429 [info] > git rev-parse --show-toplevel [12ms]
2025-04-23 21:41:53.432 [info] [Model][doInitialScan] Initial repository scan completed - repositories (1), closed repositories (0), parent repositories (0), unsafe repositories (0)
2025-04-23 21:41:53.432 [info] > git for-each-ref --sort -committerdate --format %(refname)%00%(objectname)%00%(*objectname) [6ms]
2025-04-23 21:41:53.467 [info] > git for-each-ref --format=%(refname)%00%(upstream:short)%00%(objectname)%00%(upstream:track)%00%(upstream:remotename)%00%(upstream:remoteref) refs/heads/main refs/remotes/main [22ms]
2025-04-23 21:41:53.474 [info] > git config --get --local branch.main.vscode-merge-base [2ms]
2025-04-23 21:41:53.474 [warning] [Git][config] git config failed: Failed to execute git
2025-04-23 21:41:53.478 [info] > git config --get commit.template [11ms]
2025-04-23 21:41:53.482 [info] [Git][getRemotes] No remotes found in the git config file
2025-04-23 21:41:53.482 [info] > git reflog main --grep-reflog=branch: Created from *. [4ms]
2025-04-23 21:41:53.483 [info] > git for-each-ref --format=%(refname)%00%(upstream:short)%00%(objectname)%00%(upstream:track)%00%(upstream:remotename)%00%(upstream:remoteref) refs/heads/main refs/remotes/main [1ms]
2025-04-23 21:41:53.491 [info] > git status -z -uall [4ms]
2025-04-23 21:41:53.492 [info] > git for-each-ref --sort -committerdate --format %(refname)%00%(objectname)%00%(*objectname) [1ms]
2025-04-23 21:41:53.897 [info] > git check-ignore -v -z --stdin [2ms]
2025-04-23 21:45:00.764 [info] > git show --textconv :src/app/page.tsx [8ms]
2025-04-23 21:45:00.764 [info] > git ls-files --stage -- src/app/page.tsx [3ms]
2025-04-23 21:45:00.770 [info] > git cat-file -s e68abe6bd57f9a5bd5ac0abc423811cd39025c92 [1ms]
2025-04-23 21:45:00.998 [info] > git check-ignore -v -z --stdin [1ms]
2025-04-23 21:45:05.350 [info] > git blame --root --incremental eae97a8d44bedbe8af1e381bb0fc325a7b50f0b0 -- src/app/page.tsx [1ms]
2025-04-23 21:45:28.359 [info] [Git][getRemotes] No remotes found in the git config file
2025-04-23 21:45:28.359 [info] > git config --get commit.template [3ms]
2025-04-23 21:45:28.360 [info] > git for-each-ref --format=%(refname)%00%(upstream:short)%00%(objectname)%00%(upstream:track)%00%(upstream:remotename)%00%(upstream:remoteref) refs/heads/main refs/remotes/main [1ms]
2025-04-23 21:45:28.366 [info] > git status -z -uall [4ms]
2025-04-23 21:45:28.366 [info] > git for-each-ref --sort -committerdate --format %(refname)%00%(objectname)%00%(*objectname) [1ms]
2025-04-23 21:48:33.793 [info] > git show --textconv :src/app/page.tsx [4ms]
2025-04-23 21:48:33.794 [info] > git ls-files --stage -- src/app/page.tsx [1ms]
2025-04-23 21:48:33.799 [info] > git cat-file -s e68abe6bd57f9a5bd5ac0abc423811cd39025c92 [1ms]
2025-04-23 21:50:17.323 [info] [Git][getRemotes] No remotes found in the git config file
2025-04-23 21:50:17.324 [info] > git config --get commit.template [4ms]
2025-04-23 21:50:17.324 [info] > git for-each-ref --format=%(refname)%00%(upstream:short)%00%(objectname)%00%(upstream:track)%00%(upstream:remotename)%00%(upstream:remoteref) refs/heads/main refs/remotes/main [1ms]
2025-04-23 21:50:17.330 [info] > git status -z -uall [3ms]
2025-04-23 21:50:17.330 [info] > git for-each-ref --sort -committerdate --format %(refname)%00%(objectname)%00%(*objectname) [1ms]
2025-04-23 21:50:41.140 [info] [Git][getRemotes] No remotes found in the git config file
2025-04-23 21:50:41.141 [info] > git config --get commit.template [8ms]
2025-04-23 21:50:41.142 [info] > git for-each-ref --format=%(refname)%00%(upstream:short)%00%(objectname)%00%(upstream:track)%00%(upstream:remotename)%00%(upstream:remoteref) refs/heads/main refs/remotes/main [2ms]
2025-04-23 21:50:41.149 [info] > git status -z -uall [5ms]
2025-04-23 21:50:41.150 [info] > git for-each-ref --sort -committerdate --format %(refname)%00%(objectname)%00%(*objectname) [1ms]
2025-04-23 21:52:02.499 [info] > git show --textconv :src/app/page.tsx [4ms]
2025-04-23 21:52:02.500 [info] > git ls-files --stage -- src/app/page.tsx [1ms]
2025-04-23 21:52:02.504 [info] > git cat-file -s e68abe6bd57f9a5bd5ac0abc423811cd39025c92 [1ms]
2025-04-23 21:52:05.688 [info] > git show --textconv :src/app/page.tsx [5ms]
2025-04-23 21:52:05.688 [info] > git ls-files --stage -- src/app/page.tsx [1ms]
2025-04-23 21:52:05.693 [info] > git cat-file -s e68abe6bd57f9a5bd5ac0abc423811cd39025c92 [1ms]
2025-04-23 21:52:26.789 [info] [Git][getRemotes] No remotes found in the git config file
2025-04-23 21:52:26.789 [info] > git config --get commit.template [3ms]
2025-04-23 21:52:26.790 [info] > git for-each-ref --format=%(refname)%00%(upstream:short)%00%(objectname)%00%(upstream:track)%00%(upstream:remotename)%00%(upstream:remoteref) refs/heads/main refs/remotes/main [1ms]
2025-04-23 21:52:26.795 [info] > git status -z -uall [3ms]
2025-04-23 21:52:26.796 [info] > git for-each-ref --sort -committerdate --format %(refname)%00%(objectname)%00%(*objectname) [0ms]
2025-04-23 21:53:03.777 [info] [Git][getRemotes] No remotes found in the git config file
2025-04-23 21:53:03.778 [info] > git config --get commit.template [5ms]
2025-04-23 21:53:03.778 [info] > git for-each-ref --format=%(refname)%00%(upstream:short)%00%(objectname)%00%(upstream:track)%00%(upstream:remotename)%00%(upstream:remoteref) refs/heads/main refs/remotes/main [1ms]
2025-04-23 21:53:03.787 [info] > git status -z -uall [4ms]
2025-04-23 21:53:03.787 [info] > git for-each-ref --sort -committerdate --format %(refname)%00%(objectname)%00%(*objectname) [1ms]
2025-04-23 21:53:08.808 [info] [Git][getRemotes] No remotes found in the git config file
2025-04-23 21:53:08.809 [info] > git config --get commit.template [12ms]
2025-04-23 21:53:08.810 [info] > git for-each-ref --format=%(refname)%00%(upstream:short)%00%(objectname)%00%(upstream:track)%00%(upstream:remotename)%00%(upstream:remoteref) refs/heads/main refs/remotes/main [2ms]
2025-04-23 21:53:08.820 [info] > git status -z -uall [7ms]
2025-04-23 21:53:08.821 [info] > git for-each-ref --sort -committerdate --format %(refname)%00%(objectname)%00%(*objectname) [1ms]
2025-04-23 21:54:03.946 [info] > git show --textconv :src/app/page.tsx [4ms]
2025-04-23 21:54:03.947 [info] > git ls-files --stage -- src/app/page.tsx [1ms]
2025-04-23 21:54:03.951 [info] > git cat-file -s e68abe6bd57f9a5bd5ac0abc423811cd39025c92 [1ms]
2025-04-23 21:54:54.795 [info] > git check-ignore -v -z --stdin [1ms]
2025-04-23 21:54:56.630 [info] > git show --textconv :src/app/layout.tsx [5ms]
2025-04-23 21:54:56.630 [info] > git ls-files --stage -- src/app/layout.tsx [1ms]
2025-04-23 21:54:56.634 [info] > git cat-file -s f7fa87eb875260ed98651bc419c8139b5119e554 [0ms]
2025-04-23 21:55:20.934 [info] [Git][getRemotes] No remotes found in the git config file
2025-04-23 21:55:20.934 [info] > git config --get commit.template [4ms]
2025-04-23 21:55:20.935 [info] > git for-each-ref --format=%(refname)%00%(upstream:short)%00%(objectname)%00%(upstream:track)%00%(upstream:remotename)%00%(upstream:remoteref) refs/heads/main refs/remotes/main [1ms]
2025-04-23 21:55:20.943 [info] > git status -z -uall [4ms]
2025-04-23 21:55:20.944 [info] > git for-each-ref --sort -committerdate --format %(refname)%00%(objectname)%00%(*objectname) [2ms]
2025-04-23 21:58:37.896 [info] > git show --textconv :src/app/layout.tsx [5ms]
2025-04-23 21:58:37.896 [info] > git ls-files --stage -- src/app/layout.tsx [1ms]
2025-04-23 21:58:37.900 [info] > git cat-file -s f7fa87eb875260ed98651bc419c8139b5119e554 [1ms]
2025-04-23 21:59:34.627 [info] > git check-ignore -v -z --stdin [1ms]
2025-04-23 21:59:45.002 [info] > git show --textconv :src/lib/fonts.ts [4ms]
2025-04-23 21:59:45.006 [info] > git ls-files --stage -- src/lib/fonts.ts [4ms]
2025-04-23 21:59:45.009 [info] > git hash-object -t tree /dev/null [4ms]
2025-04-23 21:59:45.009 [warning] [GitFileSystemProvider][readFile] File not found - git:/home/skrzydelka/Documents/chaker-website/src/lib/fonts.ts.git?%7B%22path%22%3A%22%2Fhome%2Fskrzydelka%2FDocuments%2Fchaker-website%2Fsrc%2Flib%2Ffonts.ts%22%2C%22ref%22%3A%22%22%7D
2025-04-23 21:59:45.010 [info] > git hash-object -t tree /dev/null [1ms]
2025-04-23 21:59:45.010 [warning] [GitFileSystemProvider][stat] File not found - git:/home/skrzydelka/Documents/chaker-website/src/lib/fonts.ts.git?%7B%22path%22%3A%22%2Fhome%2Fskrzydelka%2FDocuments%2Fchaker-website%2Fsrc%2Flib%2Ffonts.ts%22%2C%22ref%22%3A%22%22%7D
2025-04-23 21:59:45.273 [info] > git check-ignore -v -z --stdin [1ms]
2025-04-23 21:59:45.848 [info] [Git][getRemotes] No remotes found in the git config file
2025-04-23 21:59:45.848 [info] > git config --get commit.template [3ms]
2025-04-23 21:59:45.848 [info] > git for-each-ref --format=%(refname)%00%(upstream:short)%00%(objectname)%00%(upstream:track)%00%(upstream:remotename)%00%(upstream:remoteref) refs/heads/main refs/remotes/main [0ms]
2025-04-23 21:59:45.854 [info] > git status -z -uall [3ms]
2025-04-23 21:59:45.854 [info] > git for-each-ref --sort -committerdate --format %(refname)%00%(objectname)%00%(*objectname) [0ms]
2025-04-23 21:59:53.939 [info] > git config --get commit.template [0ms]
2025-04-23 21:59:53.942 [info] [Git][getRemotes] No remotes found in the git config file
2025-04-23 21:59:53.942 [info] > git for-each-ref --format=%(refname)%00%(upstream:short)%00%(objectname)%00%(upstream:track)%00%(upstream:remotename)%00%(upstream:remoteref) refs/heads/main refs/remotes/main [0ms]
2025-04-23 21:59:53.958 [info] > git status -z -uall [8ms]
2025-04-23 21:59:53.959 [info] > git for-each-ref --sort -committerdate --format %(refname)%00%(objectname)%00%(*objectname) [1ms]
2025-04-23 22:00:02.486 [info] > git show --textconv :src/app/layout.tsx [6ms]
2025-04-23 22:00:02.486 [info] > git ls-files --stage -- src/app/layout.tsx [0ms]
2025-04-23 22:00:02.491 [info] > git cat-file -s f7fa87eb875260ed98651bc419c8139b5119e554 [1ms]
2025-04-23 22:00:02.839 [info] > git blame --root --incremental eae97a8d44bedbe8af1e381bb0fc325a7b50f0b0 -- src/app/layout.tsx [1ms]
2025-04-23 22:00:11.049 [info] > git check-ignore -v -z --stdin [0ms]
2025-04-23 22:01:25.745 [info] [Git][getRemotes] No remotes found in the git config file
2025-04-23 22:01:25.745 [info] > git config --get commit.template [3ms]
2025-04-23 22:01:25.746 [info] > git for-each-ref --format=%(refname)%00%(upstream:short)%00%(objectname)%00%(upstream:track)%00%(upstream:remotename)%00%(upstream:remoteref) refs/heads/main refs/remotes/main [1ms]
2025-04-23 22:01:25.752 [info] > git status -z -uall [3ms]
2025-04-23 22:01:25.752 [info] > git for-each-ref --sort -committerdate --format %(refname)%00%(objectname)%00%(*objectname) [1ms]
2025-04-23 22:01:58.824 [info] [Git][getRemotes] No remotes found in the git config file
2025-04-23 22:01:58.824 [info] > git config --get commit.template [6ms]
2025-04-23 22:01:58.824 [info] > git for-each-ref --format=%(refname)%00%(upstream:short)%00%(objectname)%00%(upstream:track)%00%(upstream:remotename)%00%(upstream:remoteref) refs/heads/main refs/remotes/main [1ms]
2025-04-23 22:01:58.834 [info] > git status -z -uall [5ms]
2025-04-23 22:01:58.834 [info] > git for-each-ref --sort -committerdate --format %(refname)%00%(objectname)%00%(*objectname) [1ms]
2025-04-23 22:02:30.100 [info] > git config --get commit.template [3ms]
2025-04-23 22:02:30.106 [info] [Git][getRemotes] No remotes found in the git config file
2025-04-23 22:02:30.108 [info] > git for-each-ref --format=%(refname)%00%(upstream:short)%00%(objectname)%00%(upstream:track)%00%(upstream:remotename)%00%(upstream:remoteref) refs/heads/main refs/remotes/main [2ms]
2025-04-23 22:02:30.123 [info] > git status -z -uall [7ms]
2025-04-23 22:02:30.124 [info] > git for-each-ref --sort -committerdate --format %(refname)%00%(objectname)%00%(*objectname) [1ms]
2025-04-23 22:02:35.146 [info] [Git][getRemotes] No remotes found in the git config file
2025-04-23 22:02:35.146 [info] > git config --get commit.template [10ms]
2025-04-23 22:02:35.146 [info] > git for-each-ref --format=%(refname)%00%(upstream:short)%00%(objectname)%00%(upstream:track)%00%(upstream:remotename)%00%(upstream:remoteref) refs/heads/main refs/remotes/main [0ms]
2025-04-23 22:02:35.161 [info] > git status -z -uall [9ms]
2025-04-23 22:02:35.162 [info] > git for-each-ref --sort -committerdate --format %(refname)%00%(objectname)%00%(*objectname) [3ms]
2025-04-23 22:02:40.172 [info] [Git][getRemotes] No remotes found in the git config file
2025-04-23 22:02:40.172 [info] > git config --get commit.template [3ms]
2025-04-23 22:02:40.173 [info] > git for-each-ref --format=%(refname)%00%(upstream:short)%00%(objectname)%00%(upstream:track)%00%(upstream:remotename)%00%(upstream:remoteref) refs/heads/main refs/remotes/main [0ms]
2025-04-23 22:02:40.178 [info] > git status -z -uall [3ms]
2025-04-23 22:02:40.179 [info] > git for-each-ref --sort -committerdate --format %(refname)%00%(objectname)%00%(*objectname) [1ms]
2025-04-23 22:02:46.235 [info] > git config --get commit.template [3ms]
2025-04-23 22:02:46.248 [info] [Git][getRemotes] No remotes found in the git config file
2025-04-23 22:02:46.250 [info] > git for-each-ref --format=%(refname)%00%(upstream:short)%00%(objectname)%00%(upstream:track)%00%(upstream:remotename)%00%(upstream:remoteref) refs/heads/main refs/remotes/main [2ms]
2025-04-23 22:02:46.263 [info] > git status -z -uall [6ms]
2025-04-23 22:02:46.263 [info] > git for-each-ref --sort -committerdate --format %(refname)%00%(objectname)%00%(*objectname) [1ms]
2025-04-23 22:02:51.113 [info] > git show --textconv :src/app/layout.tsx [5ms]
2025-04-23 22:02:51.113 [info] > git ls-files --stage -- src/app/layout.tsx [1ms]
2025-04-23 22:02:51.119 [info] > git cat-file -s f7fa87eb875260ed98651bc419c8139b5119e554 [0ms]
2025-04-23 22:09:18.978 [info] > git config --get commit.template [0ms]
2025-04-23 22:09:18.981 [info] [Git][getRemotes] No remotes found in the git config file
2025-04-23 22:09:18.981 [info] > git for-each-ref --format=%(refname)%00%(upstream:short)%00%(objectname)%00%(upstream:track)%00%(upstream:remotename)%00%(upstream:remoteref) refs/heads/main refs/remotes/main [0ms]
2025-04-23 22:09:18.987 [info] > git status -z -uall [3ms]
2025-04-23 22:09:18.987 [info] > git for-each-ref --sort -committerdate --format %(refname)%00%(objectname)%00%(*objectname) [0ms]
2025-04-23 22:09:46.680 [info] > git show --textconv :src/app/layout.tsx [5ms]
2025-04-23 22:09:46.681 [info] > git ls-files --stage -- src/app/layout.tsx [1ms]
2025-04-23 22:09:46.685 [info] > git cat-file -s f7fa87eb875260ed98651bc419c8139b5119e554 [0ms]
2025-04-23 22:09:50.044 [info] > git show --textconv :src/app/layout.tsx [5ms]
2025-04-23 22:09:50.045 [info] > git ls-files --stage -- src/app/layout.tsx [1ms]
2025-04-23 22:09:50.050 [info] > git cat-file -s f7fa87eb875260ed98651bc419c8139b5119e554 [1ms]
2025-04-23 22:09:54.882 [info] > git show --textconv :src/app/layout.tsx [5ms]
2025-04-23 22:09:54.882 [info] > git ls-files --stage -- src/app/layout.tsx [1ms]
2025-04-23 22:09:54.886 [info] > git cat-file -s f7fa87eb875260ed98651bc419c8139b5119e554 [0ms]
2025-04-23 22:10:03.543 [info] [Git][getRemotes] No remotes found in the git config file
2025-04-23 22:10:03.543 [info] > git config --get commit.template [4ms]
2025-04-23 22:10:03.543 [info] > git for-each-ref --format=%(refname)%00%(upstream:short)%00%(objectname)%00%(upstream:track)%00%(upstream:remotename)%00%(upstream:remoteref) refs/heads/main refs/remotes/main [0ms]
2025-04-23 22:10:03.549 [info] > git status -z -uall [3ms]
2025-04-23 22:10:03.549 [info] > git for-each-ref --sort -committerdate --format %(refname)%00%(objectname)%00%(*objectname) [0ms]
2025-04-23 22:11:19.013 [info] [Git][getRemotes] No remotes found in the git config file
2025-04-23 22:11:19.013 [info] > git config --get commit.template [6ms]
2025-04-23 22:11:19.013 [info] > git for-each-ref --format=%(refname)%00%(upstream:short)%00%(objectname)%00%(upstream:track)%00%(upstream:remotename)%00%(upstream:remoteref) refs/heads/main refs/remotes/main [1ms]
2025-04-23 22:11:19.022 [info] > git status -z -uall [5ms]
2025-04-23 22:11:19.023 [info] > git for-each-ref --sort -committerdate --format %(refname)%00%(objectname)%00%(*objectname) [2ms]
2025-04-23 22:11:22.088 [info] > git show --textconv :src/app/layout.tsx [4ms]
2025-04-23 22:11:22.089 [info] > git ls-files --stage -- src/app/layout.tsx [1ms]
2025-04-23 22:11:22.094 [info] > git cat-file -s f7fa87eb875260ed98651bc419c8139b5119e554 [1ms]
2025-04-23 22:11:44.203 [info] [Git][getRemotes] No remotes found in the git config file
2025-04-23 22:11:44.203 [info] > git config --get commit.template [3ms]
2025-04-23 22:11:44.204 [info] > git for-each-ref --format=%(refname)%00%(upstream:short)%00%(objectname)%00%(upstream:track)%00%(upstream:remotename)%00%(upstream:remoteref) refs/heads/main refs/remotes/main [1ms]
2025-04-23 22:11:44.212 [info] > git status -z -uall [6ms]
2025-04-23 22:11:44.212 [info] > git for-each-ref --sort -committerdate --format %(refname)%00%(objectname)%00%(*objectname) [3ms]
2025-04-23 22:11:45.285 [info] > git show --textconv :src/app/layout.tsx [5ms]
2025-04-23 22:11:45.285 [info] > git ls-files --stage -- src/app/layout.tsx [1ms]
2025-04-23 22:11:45.290 [info] > git cat-file -s f7fa87eb875260ed98651bc419c8139b5119e554 [1ms]
2025-04-23 22:11:49.368 [info] > git show --textconv :src/app/page.tsx [5ms]
2025-04-23 22:11:49.368 [info] > git ls-files --stage -- src/app/page.tsx [1ms]
2025-04-23 22:11:49.372 [info] > git cat-file -s e68abe6bd57f9a5bd5ac0abc423811cd39025c92 [0ms]
2025-04-23 22:11:53.911 [info] > git show --textconv :src/app/layout.tsx [5ms]
2025-04-23 22:11:53.911 [info] > git ls-files --stage -- src/app/layout.tsx [1ms]
2025-04-23 22:11:53.915 [info] > git cat-file -s f7fa87eb875260ed98651bc419c8139b5119e554 [0ms]
2025-04-23 22:12:12.378 [info] [Git][getRemotes] No remotes found in the git config file
2025-04-23 22:12:12.382 [info] > git config --get commit.template [4ms]
2025-04-23 22:12:12.382 [info] > git for-each-ref --format=%(refname)%00%(upstream:short)%00%(objectname)%00%(upstream:track)%00%(upstream:remotename)%00%(upstream:remoteref) refs/heads/main refs/remotes/main [1ms]
2025-04-23 22:12:12.388 [info] > git status -z -uall [3ms]
2025-04-23 22:12:12.388 [info] > git for-each-ref --sort -committerdate --format %(refname)%00%(objectname)%00%(*objectname) [0ms]
2025-04-23 22:12:21.578 [info] [Git][getRemotes] No remotes found in the git config file
2025-04-23 22:12:21.578 [info] > git config --get commit.template [4ms]
2025-04-23 22:12:21.579 [info] > git for-each-ref --format=%(refname)%00%(upstream:short)%00%(objectname)%00%(upstream:track)%00%(upstream:remotename)%00%(upstream:remoteref) refs/heads/main refs/remotes/main [1ms]
2025-04-23 22:12:21.584 [info] > git status -z -uall [3ms]
2025-04-23 22:12:21.585 [info] > git for-each-ref --sort -committerdate --format %(refname)%00%(objectname)%00%(*objectname) [1ms]
2025-04-23 22:12:27.602 [info] [Git][getRemotes] No remotes found in the git config file
2025-04-23 22:12:27.603 [info] > git config --get commit.template [4ms]
2025-04-23 22:12:27.603 [info] > git for-each-ref --format=%(refname)%00%(upstream:short)%00%(objectname)%00%(upstream:track)%00%(upstream:remotename)%00%(upstream:remoteref) refs/heads/main refs/remotes/main [1ms]
2025-04-23 22:12:27.609 [info] > git status -z -uall [3ms]
2025-04-23 22:12:27.610 [info] > git for-each-ref --sort -committerdate --format %(refname)%00%(objectname)%00%(*objectname) [1ms]
2025-04-23 22:12:32.616 [info] > git config --get commit.template [0ms]
2025-04-23 22:12:32.619 [info] [Git][getRemotes] No remotes found in the git config file
2025-04-23 22:12:32.620 [info] > git for-each-ref --format=%(refname)%00%(upstream:short)%00%(objectname)%00%(upstream:track)%00%(upstream:remotename)%00%(upstream:remoteref) refs/heads/main refs/remotes/main [1ms]
2025-04-23 22:12:32.626 [info] > git status -z -uall [3ms]
2025-04-23 22:12:32.626 [info] > git for-each-ref --sort -committerdate --format %(refname)%00%(objectname)%00%(*objectname) [1ms]
2025-04-23 22:13:01.704 [info] [Git][getRemotes] No remotes found in the git config file
2025-04-23 22:13:01.705 [info] > git config --get commit.template [5ms]
2025-04-23 22:13:01.705 [info] > git for-each-ref --format=%(refname)%00%(upstream:short)%00%(objectname)%00%(upstream:track)%00%(upstream:remotename)%00%(upstream:remoteref) refs/heads/main refs/remotes/main [1ms]
2025-04-23 22:13:01.715 [info] > git status -z -uall [5ms]
2025-04-23 22:13:01.716 [info] > git for-each-ref --sort -committerdate --format %(refname)%00%(objectname)%00%(*objectname) [1ms]
2025-04-23 22:13:32.928 [info] [Git][getRemotes] No remotes found in the git config file
2025-04-23 22:13:32.928 [info] > git config --get commit.template [7ms]
2025-04-23 22:13:32.928 [info] > git for-each-ref --format=%(refname)%00%(upstream:short)%00%(objectname)%00%(upstream:track)%00%(upstream:remotename)%00%(upstream:remoteref) refs/heads/main refs/remotes/main [1ms]
2025-04-23 22:13:32.939 [info] > git status -z -uall [5ms]
2025-04-23 22:13:32.940 [info] > git for-each-ref --sort -committerdate --format %(refname)%00%(objectname)%00%(*objectname) [1ms]
2025-04-23 22:13:37.950 [info] [Git][getRemotes] No remotes found in the git config file
2025-04-23 22:13:37.950 [info] > git config --get commit.template [4ms]
2025-04-23 22:13:37.951 [info] > git for-each-ref --format=%(refname)%00%(upstream:short)%00%(objectname)%00%(upstream:track)%00%(upstream:remotename)%00%(upstream:remoteref) refs/heads/main refs/remotes/main [1ms]
2025-04-23 22:13:37.958 [info] > git status -z -uall [4ms]
2025-04-23 22:13:37.958 [info] > git for-each-ref --sort -committerdate --format %(refname)%00%(objectname)%00%(*objectname) [0ms]
2025-04-23 22:13:56.872 [info] [Git][getRemotes] No remotes found in the git config file
2025-04-23 22:13:56.872 [info] > git config --get commit.template [4ms]
2025-04-23 22:13:56.872 [info] > git for-each-ref --format=%(refname)%00%(upstream:short)%00%(objectname)%00%(upstream:track)%00%(upstream:remotename)%00%(upstream:remoteref) refs/heads/main refs/remotes/main [1ms]
2025-04-23 22:13:56.878 [info] > git status -z -uall [3ms]
2025-04-23 22:13:56.879 [info] > git for-each-ref --sort -committerdate --format %(refname)%00%(objectname)%00%(*objectname) [1ms]
2025-04-23 22:14:07.206 [info] [Git][getRemotes] No remotes found in the git config file
2025-04-23 22:14:07.207 [info] > git config --get commit.template [9ms]
2025-04-23 22:14:07.209 [info] > git for-each-ref --format=%(refname)%00%(upstream:short)%00%(objectname)%00%(upstream:track)%00%(upstream:remotename)%00%(upstream:remoteref) refs/heads/main refs/remotes/main [3ms]
2025-04-23 22:14:07.226 [info] > git status -z -uall [8ms]
2025-04-23 22:14:07.227 [info] > git for-each-ref --sort -committerdate --format %(refname)%00%(objectname)%00%(*objectname) [2ms]
2025-04-23 22:14:20.807 [info] [Git][getRemotes] No remotes found in the git config file
2025-04-23 22:14:20.807 [info] > git config --get commit.template [6ms]
2025-04-23 22:14:20.808 [info] > git for-each-ref --format=%(refname)%00%(upstream:short)%00%(objectname)%00%(upstream:track)%00%(upstream:remotename)%00%(upstream:remoteref) refs/heads/main refs/remotes/main [1ms]
2025-04-23 22:14:20.818 [info] > git status -z -uall [5ms]
2025-04-23 22:14:20.819 [info] > git for-each-ref --sort -committerdate --format %(refname)%00%(objectname)%00%(*objectname) [1ms]
2025-04-23 22:14:33.878 [info] > git config --get commit.template [1ms]
2025-04-23 22:14:33.885 [info] [Git][getRemotes] No remotes found in the git config file
2025-04-23 22:14:33.885 [info] > git for-each-ref --format=%(refname)%00%(upstream:short)%00%(objectname)%00%(upstream:track)%00%(upstream:remotename)%00%(upstream:remoteref) refs/heads/main refs/remotes/main [1ms]
2025-04-23 22:14:33.896 [info] > git status -z -uall [5ms]
2025-04-23 22:14:33.897 [info] > git for-each-ref --sort -committerdate --format %(refname)%00%(objectname)%00%(*objectname) [1ms]
2025-04-23 22:16:03.645 [info] > git config --get commit.template [1ms]
2025-04-23 22:16:03.650 [info] [Git][getRemotes] No remotes found in the git config file
2025-04-23 22:16:03.651 [info] > git for-each-ref --format=%(refname)%00%(upstream:short)%00%(objectname)%00%(upstream:track)%00%(upstream:remotename)%00%(upstream:remoteref) refs/heads/main refs/remotes/main [1ms]
2025-04-23 22:16:03.660 [info] > git status -z -uall [5ms]
2025-04-23 22:16:03.660 [info] > git for-each-ref --sort -committerdate --format %(refname)%00%(objectname)%00%(*objectname) [0ms]
2025-04-23 22:16:36.098 [info] [Git][getRemotes] No remotes found in the git config file
2025-04-23 22:16:36.099 [info] > git config --get commit.template [11ms]
2025-04-23 22:16:36.099 [info] > git for-each-ref --format=%(refname)%00%(upstream:short)%00%(objectname)%00%(upstream:track)%00%(upstream:remotename)%00%(upstream:remoteref) refs/heads/main refs/remotes/main [1ms]
2025-04-23 22:16:36.105 [info] > git status -z -uall [3ms]
2025-04-23 22:16:36.105 [info] > git for-each-ref --sort -committerdate --format %(refname)%00%(objectname)%00%(*objectname) [1ms]
2025-04-23 22:20:06.750 [info] [Git][getRemotes] No remotes found in the git config file
2025-04-23 22:20:06.750 [info] > git config --get commit.template [3ms]
2025-04-23 22:20:06.750 [info] > git for-each-ref --format=%(refname)%00%(upstream:short)%00%(objectname)%00%(upstream:track)%00%(upstream:remotename)%00%(upstream:remoteref) refs/heads/main refs/remotes/main [0ms]
2025-04-23 22:20:06.756 [info] > git status -z -uall [3ms]
2025-04-23 22:20:06.757 [info] > git for-each-ref --sort -committerdate --format %(refname)%00%(objectname)%00%(*objectname) [1ms]
2025-04-23 22:21:02.590 [info] [Git][getRemotes] No remotes found in the git config file
2025-04-23 22:21:02.590 [info] > git config --get commit.template [13ms]
2025-04-23 22:21:02.590 [info] > git for-each-ref --format=%(refname)%00%(upstream:short)%00%(objectname)%00%(upstream:track)%00%(upstream:remotename)%00%(upstream:remoteref) refs/heads/main refs/remotes/main [1ms]
2025-04-23 22:21:02.601 [info] > git status -z -uall [6ms]
2025-04-23 22:21:02.602 [info] > git for-each-ref --sort -committerdate --format %(refname)%00%(objectname)%00%(*objectname) [2ms]
2025-04-23 22:21:46.111 [info] [Git][getRemotes] No remotes found in the git config file
2025-04-23 22:21:46.111 [info] > git config --get commit.template [8ms]
2025-04-23 22:21:46.112 [info] > git for-each-ref --format=%(refname)%00%(upstream:short)%00%(objectname)%00%(upstream:track)%00%(upstream:remotename)%00%(upstream:remoteref) refs/heads/main refs/remotes/main [1ms]
2025-04-23 22:21:46.123 [info] > git status -z -uall [5ms]
2025-04-23 22:21:46.124 [info] > git for-each-ref --sort -committerdate --format %(refname)%00%(objectname)%00%(*objectname) [1ms]
2025-04-23 22:22:00.554 [info] [Git][getRemotes] No remotes found in the git config file
2025-04-23 22:22:00.554 [info] > git config --get commit.template [3ms]
2025-04-23 22:22:00.555 [info] > git for-each-ref --format=%(refname)%00%(upstream:short)%00%(objectname)%00%(upstream:track)%00%(upstream:remotename)%00%(upstream:remoteref) refs/heads/main refs/remotes/main [1ms]
2025-04-23 22:22:00.560 [info] > git status -z -uall [3ms]
2025-04-23 22:22:00.561 [info] > git for-each-ref --sort -committerdate --format %(refname)%00%(objectname)%00%(*objectname) [1ms]
2025-04-23 22:22:38.203 [info] > git config --get commit.template [1ms]
2025-04-23 22:22:38.209 [info] [Git][getRemotes] No remotes found in the git config file
2025-04-23 22:22:38.210 [info] > git for-each-ref --format=%(refname)%00%(upstream:short)%00%(objectname)%00%(upstream:track)%00%(upstream:remotename)%00%(upstream:remoteref) refs/heads/main refs/remotes/main [1ms]
2025-04-23 22:22:38.221 [info] > git status -z -uall [6ms]
2025-04-23 22:22:38.221 [info] > git for-each-ref --sort -committerdate --format %(refname)%00%(objectname)%00%(*objectname) [0ms]
2025-04-23 22:22:51.368 [info] [Git][getRemotes] No remotes found in the git config file
2025-04-23 22:22:51.368 [info] > git config --get commit.template [7ms]
2025-04-23 22:22:51.368 [info] > git for-each-ref --format=%(refname)%00%(upstream:short)%00%(objectname)%00%(upstream:track)%00%(upstream:remotename)%00%(upstream:remoteref) refs/heads/main refs/remotes/main [0ms]
2025-04-23 22:22:51.379 [info] > git status -z -uall [5ms]
2025-04-23 22:22:51.380 [info] > git for-each-ref --sort -committerdate --format %(refname)%00%(objectname)%00%(*objectname) [1ms]
2025-04-23 22:23:04.615 [info] [Git][getRemotes] No remotes found in the git config file
2025-04-23 22:23:04.615 [info] > git config --get commit.template [5ms]
2025-04-23 22:23:04.617 [info] > git for-each-ref --format=%(refname)%00%(upstream:short)%00%(objectname)%00%(upstream:track)%00%(upstream:remotename)%00%(upstream:remoteref) refs/heads/main refs/remotes/main [2ms]
2025-04-23 22:23:04.635 [info] > git status -z -uall [9ms]
2025-04-23 22:23:04.636 [info] > git for-each-ref --sort -committerdate --format %(refname)%00%(objectname)%00%(*objectname) [2ms]
2025-04-23 22:24:34.216 [info] [Git][getRemotes] No remotes found in the git config file
2025-04-23 22:24:34.216 [info] > git config --get commit.template [6ms]
2025-04-23 22:24:34.216 [info] > git for-each-ref --format=%(refname)%00%(upstream:short)%00%(objectname)%00%(upstream:track)%00%(upstream:remotename)%00%(upstream:remoteref) refs/heads/main refs/remotes/main [0ms]
2025-04-23 22:24:34.226 [info] > git status -z -uall [6ms]
2025-04-23 22:24:34.226 [info] > git for-each-ref --sort -committerdate --format %(refname)%00%(objectname)%00%(*objectname) [1ms]
2025-04-23 22:24:55.045 [info] [Git][getRemotes] No remotes found in the git config file
2025-04-23 22:24:55.046 [info] > git config --get commit.template [14ms]
2025-04-23 22:24:55.048 [info] > git for-each-ref --format=%(refname)%00%(upstream:short)%00%(objectname)%00%(upstream:track)%00%(upstream:remotename)%00%(upstream:remoteref) refs/heads/main refs/remotes/main [3ms]
2025-04-23 22:24:55.069 [info] > git status -z -uall [11ms]
2025-04-23 22:24:55.070 [info] > git for-each-ref --sort -committerdate --format %(refname)%00%(objectname)%00%(*objectname) [2ms]
2025-04-23 22:25:05.947 [info] [Git][getRemotes] No remotes found in the git config file
2025-04-23 22:25:05.947 [info] > git config --get commit.template [5ms]
2025-04-23 22:25:05.947 [info] > git for-each-ref --format=%(refname)%00%(upstream:short)%00%(objectname)%00%(upstream:track)%00%(upstream:remotename)%00%(upstream:remoteref) refs/heads/main refs/remotes/main [0ms]
2025-04-23 22:25:05.955 [info] > git status -z -uall [4ms]
2025-04-23 22:25:05.956 [info] > git for-each-ref --sort -committerdate --format %(refname)%00%(objectname)%00%(*objectname) [1ms]
2025-04-23 22:25:10.977 [info] [Git][getRemotes] No remotes found in the git config file
2025-04-23 22:25:10.978 [info] > git config --get commit.template [5ms]
2025-04-23 22:25:10.979 [info] > git for-each-ref --format=%(refname)%00%(upstream:short)%00%(objectname)%00%(upstream:track)%00%(upstream:remotename)%00%(upstream:remoteref) refs/heads/main refs/remotes/main [2ms]
2025-04-23 22:25:10.996 [info] > git status -z -uall [8ms]
2025-04-23 22:25:10.997 [info] > git for-each-ref --sort -committerdate --format %(refname)%00%(objectname)%00%(*objectname) [1ms]
2025-04-23 22:25:25.867 [info] [Git][getRemotes] No remotes found in the git config file
2025-04-23 22:25:25.867 [info] > git config --get commit.template [7ms]
2025-04-23 22:25:25.867 [info] > git for-each-ref --format=%(refname)%00%(upstream:short)%00%(objectname)%00%(upstream:track)%00%(upstream:remotename)%00%(upstream:remoteref) refs/heads/main refs/remotes/main [1ms]
2025-04-23 22:25:25.878 [info] > git status -z -uall [6ms]
2025-04-23 22:25:25.879 [info] > git for-each-ref --sort -committerdate --format %(refname)%00%(objectname)%00%(*objectname) [1ms]
2025-04-23 22:25:31.259 [info] [Git][getRemotes] No remotes found in the git config file
2025-04-23 22:25:31.260 [info] > git config --get commit.template [4ms]
2025-04-23 22:25:31.260 [info] > git for-each-ref --format=%(refname)%00%(upstream:short)%00%(objectname)%00%(upstream:track)%00%(upstream:remotename)%00%(upstream:remoteref) refs/heads/main refs/remotes/main [1ms]
2025-04-23 22:25:31.269 [info] > git status -z -uall [4ms]
2025-04-23 22:25:31.270 [info] > git for-each-ref --sort -committerdate --format %(refname)%00%(objectname)%00%(*objectname) [1ms]
2025-04-23 22:25:46.041 [info] [Git][getRemotes] No remotes found in the git config file
2025-04-23 22:25:46.041 [info] > git config --get commit.template [6ms]
2025-04-23 22:25:46.041 [info] > git for-each-ref --format=%(refname)%00%(upstream:short)%00%(objectname)%00%(upstream:track)%00%(upstream:remotename)%00%(upstream:remoteref) refs/heads/main refs/remotes/main [1ms]
2025-04-23 22:25:46.051 [info] > git status -z -uall [5ms]
2025-04-23 22:25:46.052 [info] > git for-each-ref --sort -committerdate --format %(refname)%00%(objectname)%00%(*objectname) [1ms]
2025-04-23 22:25:51.065 [info] > git config --get commit.template [1ms]
2025-04-23 22:25:51.069 [info] [Git][getRemotes] No remotes found in the git config file
2025-04-23 22:25:51.069 [info] > git for-each-ref --format=%(refname)%00%(upstream:short)%00%(objectname)%00%(upstream:track)%00%(upstream:remotename)%00%(upstream:remoteref) refs/heads/main refs/remotes/main [0ms]
2025-04-23 22:25:51.078 [info] > git status -z -uall [4ms]
2025-04-23 22:25:51.078 [info] > git for-each-ref --sort -committerdate --format %(refname)%00%(objectname)%00%(*objectname) [1ms]
2025-04-23 22:26:30.459 [info] [Git][getRemotes] No remotes found in the git config file
2025-04-23 22:26:30.459 [info] > git config --get commit.template [6ms]
2025-04-23 22:26:30.460 [info] > git for-each-ref --format=%(refname)%00%(upstream:short)%00%(objectname)%00%(upstream:track)%00%(upstream:remotename)%00%(upstream:remoteref) refs/heads/main refs/remotes/main [1ms]
2025-04-23 22:26:30.470 [info] > git status -z -uall [5ms]
2025-04-23 22:26:30.470 [info] > git for-each-ref --sort -committerdate --format %(refname)%00%(objectname)%00%(*objectname) [1ms]
2025-04-23 22:26:40.934 [info] [Git][getRemotes] No remotes found in the git config file
2025-04-23 22:26:40.940 [info] > git config --get commit.template [6ms]
2025-04-23 22:26:40.940 [info] > git for-each-ref --format=%(refname)%00%(upstream:short)%00%(objectname)%00%(upstream:track)%00%(upstream:remotename)%00%(upstream:remoteref) refs/heads/main refs/remotes/main [0ms]
2025-04-23 22:26:40.952 [info] > git status -z -uall [6ms]
2025-04-23 22:26:40.952 [info] > git for-each-ref --sort -committerdate --format %(refname)%00%(objectname)%00%(*objectname) [1ms]
2025-04-23 22:27:26.847 [info] [Git][getRemotes] No remotes found in the git config file
2025-04-23 22:27:26.847 [info] > git config --get commit.template [6ms]
2025-04-23 22:27:26.848 [info] > git for-each-ref --format=%(refname)%00%(upstream:short)%00%(objectname)%00%(upstream:track)%00%(upstream:remotename)%00%(upstream:remoteref) refs/heads/main refs/remotes/main [1ms]
2025-04-23 22:27:26.857 [info] > git status -z -uall [5ms]
2025-04-23 22:27:26.858 [info] > git for-each-ref --sort -committerdate --format %(refname)%00%(objectname)%00%(*objectname) [1ms]
2025-04-23 22:27:31.865 [info] [Git][getRemotes] No remotes found in the git config file
2025-04-23 22:27:31.869 [info] > git for-each-ref --format=%(refname)%00%(upstream:short)%00%(objectname)%00%(upstream:track)%00%(upstream:remotename)%00%(upstream:remoteref) refs/heads/main refs/remotes/main [1ms]
2025-04-23 22:27:31.869 [info] > git config --get commit.template [4ms]
2025-04-23 22:27:31.875 [info] > git status -z -uall [3ms]
2025-04-23 22:27:31.875 [info] > git for-each-ref --sort -committerdate --format %(refname)%00%(objectname)%00%(*objectname) [0ms]
2025-04-23 22:27:52.889 [info] [Git][getRemotes] No remotes found in the git config file
2025-04-23 22:27:52.889 [info] > git config --get commit.template [6ms]
2025-04-23 22:27:52.890 [info] > git for-each-ref --format=%(refname)%00%(upstream:short)%00%(objectname)%00%(upstream:track)%00%(upstream:remotename)%00%(upstream:remoteref) refs/heads/main refs/remotes/main [1ms]
2025-04-23 22:27:52.899 [info] > git status -z -uall [5ms]
2025-04-23 22:27:52.899 [info] > git for-each-ref --sort -committerdate --format %(refname)%00%(objectname)%00%(*objectname) [1ms]
2025-04-23 22:27:57.909 [info] [Git][getRemotes] No remotes found in the git config file
2025-04-23 22:27:57.909 [info] > git config --get commit.template [3ms]
2025-04-23 22:27:57.909 [info] > git for-each-ref --format=%(refname)%00%(upstream:short)%00%(objectname)%00%(upstream:track)%00%(upstream:remotename)%00%(upstream:remoteref) refs/heads/main refs/remotes/main [0ms]
2025-04-23 22:27:57.915 [info] > git status -z -uall [3ms]
2025-04-23 22:27:57.916 [info] > git for-each-ref --sort -committerdate --format %(refname)%00%(objectname)%00%(*objectname) [1ms]
2025-04-23 22:28:16.848 [info] [Git][getRemotes] No remotes found in the git config file
2025-04-23 22:28:16.848 [info] > git config --get commit.template [6ms]
2025-04-23 22:28:16.849 [info] > git for-each-ref --format=%(refname)%00%(upstream:short)%00%(objectname)%00%(upstream:track)%00%(upstream:remotename)%00%(upstream:remoteref) refs/heads/main refs/remotes/main [1ms]
2025-04-23 22:28:16.857 [info] > git status -z -uall [4ms]
2025-04-23 22:28:16.858 [info] > git for-each-ref --sort -committerdate --format %(refname)%00%(objectname)%00%(*objectname) [1ms]
2025-04-23 22:29:10.013 [info] [Git][getRemotes] No remotes found in the git config file
2025-04-23 22:29:10.013 [info] > git config --get commit.template [4ms]
2025-04-23 22:29:10.013 [info] > git for-each-ref --format=%(refname)%00%(upstream:short)%00%(objectname)%00%(upstream:track)%00%(upstream:remotename)%00%(upstream:remoteref) refs/heads/main refs/remotes/main [1ms]
2025-04-23 22:29:10.019 [info] > git status -z -uall [3ms]
2025-04-23 22:29:10.019 [info] > git for-each-ref --sort -committerdate --format %(refname)%00%(objectname)%00%(*objectname) [0ms]
2025-04-23 22:30:49.132 [info] [Git][getRemotes] No remotes found in the git config file
2025-04-23 22:30:49.132 [info] > git config --get commit.template [5ms]
2025-04-23 22:30:49.132 [info] > git for-each-ref --format=%(refname)%00%(upstream:short)%00%(objectname)%00%(upstream:track)%00%(upstream:remotename)%00%(upstream:remoteref) refs/heads/main refs/remotes/main [0ms]
2025-04-23 22:30:49.141 [info] > git status -z -uall [5ms]
2025-04-23 22:30:49.141 [info] > git for-each-ref --sort -committerdate --format %(refname)%00%(objectname)%00%(*objectname) [1ms]
2025-04-23 22:31:14.991 [info] > git config --get commit.template [0ms]
2025-04-23 22:31:14.995 [info] [Git][getRemotes] No remotes found in the git config file
2025-04-23 22:31:14.995 [info] > git for-each-ref --format=%(refname)%00%(upstream:short)%00%(objectname)%00%(upstream:track)%00%(upstream:remotename)%00%(upstream:remoteref) refs/heads/main refs/remotes/main [0ms]
2025-04-23 22:31:15.001 [info] > git status -z -uall [3ms]
2025-04-23 22:31:15.002 [info] > git for-each-ref --sort -committerdate --format %(refname)%00%(objectname)%00%(*objectname) [1ms]
2025-04-23 22:31:23.997 [info] [Git][getRemotes] No remotes found in the git config file
2025-04-23 22:31:23.997 [info] > git config --get commit.template [4ms]
2025-04-23 22:31:23.997 [info] > git for-each-ref --format=%(refname)%00%(upstream:short)%00%(objectname)%00%(upstream:track)%00%(upstream:remotename)%00%(upstream:remoteref) refs/heads/main refs/remotes/main [1ms]
2025-04-23 22:31:24.003 [info] > git status -z -uall [3ms]
2025-04-23 22:31:24.003 [info] > git for-each-ref --sort -committerdate --format %(refname)%00%(objectname)%00%(*objectname) [0ms]
2025-04-23 22:31:36.216 [info] [Git][getRemotes] No remotes found in the git config file
2025-04-23 22:31:36.216 [info] > git config --get commit.template [5ms]
2025-04-23 22:31:36.217 [info] > git for-each-ref --format=%(refname)%00%(upstream:short)%00%(objectname)%00%(upstream:track)%00%(upstream:remotename)%00%(upstream:remoteref) refs/heads/main refs/remotes/main [1ms]
2025-04-23 22:31:36.226 [info] > git status -z -uall [4ms]
2025-04-23 22:31:36.227 [info] > git for-each-ref --sort -committerdate --format %(refname)%00%(objectname)%00%(*objectname) [1ms]
2025-04-23 22:33:43.017 [info] > git config --get commit.template [0ms]
2025-04-23 22:33:43.019 [info] [Git][getRemotes] No remotes found in the git config file
2025-04-23 22:33:43.020 [info] > git for-each-ref --format=%(refname)%00%(upstream:short)%00%(objectname)%00%(upstream:track)%00%(upstream:remotename)%00%(upstream:remoteref) refs/heads/main refs/remotes/main [1ms]
2025-04-23 22:33:43.026 [info] > git status -z -uall [3ms]
2025-04-23 22:33:43.026 [info] > git for-each-ref --sort -committerdate --format %(refname)%00%(objectname)%00%(*objectname) [1ms]
2025-04-23 22:34:31.954 [info] [Git][getRemotes] No remotes found in the git config file
2025-04-23 22:34:31.954 [info] > git config --get commit.template [6ms]
2025-04-23 22:34:31.954 [info] > git for-each-ref --format=%(refname)%00%(upstream:short)%00%(objectname)%00%(upstream:track)%00%(upstream:remotename)%00%(upstream:remoteref) refs/heads/main refs/remotes/main [0ms]
2025-04-23 22:34:31.963 [info] > git status -z -uall [5ms]
2025-04-23 22:34:31.963 [info] > git for-each-ref --sort -committerdate --format %(refname)%00%(objectname)%00%(*objectname) [0ms]
2025-04-23 22:35:15.517 [info] [Git][getRemotes] No remotes found in the git config file
2025-04-23 22:35:15.517 [info] > git config --get commit.template [5ms]
2025-04-23 22:35:15.517 [info] > git for-each-ref --format=%(refname)%00%(upstream:short)%00%(objectname)%00%(upstream:track)%00%(upstream:remotename)%00%(upstream:remoteref) refs/heads/main refs/remotes/main [0ms]
2025-04-23 22:35:15.525 [info] > git status -z -uall [4ms]
2025-04-23 22:35:15.526 [info] > git for-each-ref --sort -committerdate --format %(refname)%00%(objectname)%00%(*objectname) [1ms]
2025-04-23 22:35:29.172 [info] > git config --get commit.template [1ms]
2025-04-23 22:35:29.173 [info] [Git][getRemotes] No remotes found in the git config file
2025-04-23 22:35:29.179 [info] > git for-each-ref --format=%(refname)%00%(upstream:short)%00%(objectname)%00%(upstream:track)%00%(upstream:remotename)%00%(upstream:remoteref) refs/heads/main refs/remotes/main [1ms]
2025-04-23 22:35:29.187 [info] > git status -z -uall [5ms]
2025-04-23 22:35:29.187 [info] > git for-each-ref --sort -committerdate --format %(refname)%00%(objectname)%00%(*objectname) [1ms]
2025-04-23 22:35:45.450 [info] > git config --get commit.template [1ms]
2025-04-23 22:35:45.453 [info] [Git][getRemotes] No remotes found in the git config file
2025-04-23 22:35:45.454 [info] > git for-each-ref --format=%(refname)%00%(upstream:short)%00%(objectname)%00%(upstream:track)%00%(upstream:remotename)%00%(upstream:remoteref) refs/heads/main refs/remotes/main [1ms]
2025-04-23 22:35:45.459 [info] > git status -z -uall [3ms]
2025-04-23 22:35:45.460 [info] > git for-each-ref --sort -committerdate --format %(refname)%00%(objectname)%00%(*objectname) [1ms]
2025-04-23 22:39:01.889 [info] > git show --textconv :src/app/layout.tsx [4ms]
2025-04-23 22:39:01.890 [info] > git ls-files --stage -- src/app/layout.tsx [1ms]
2025-04-23 22:39:01.894 [info] > git cat-file -s f7fa87eb875260ed98651bc419c8139b5119e554 [1ms]
2025-04-23 22:39:39.927 [info] [Git][getRemotes] No remotes found in the git config file
2025-04-23 22:39:39.928 [info] > git config --get commit.template [15ms]
2025-04-23 22:39:39.930 [info] > git for-each-ref --format=%(refname)%00%(upstream:short)%00%(objectname)%00%(upstream:track)%00%(upstream:remotename)%00%(upstream:remoteref) refs/heads/main refs/remotes/main [3ms]
2025-04-23 22:39:39.951 [info] > git status -z -uall [11ms]
2025-04-23 22:39:39.952 [info] > git for-each-ref --sort -committerdate --format %(refname)%00%(objectname)%00%(*objectname) [1ms]
